[debug] [2018-01-16T21:17:24.211Z] ----------------------------------------------------------------------
[debug] [2018-01-16T21:17:24.213Z] Command:       /usr/local/bin/node /usr/local/bin/firebase serve
[debug] [2018-01-16T21:17:24.214Z] CLI Version:   3.16.0
[debug] [2018-01-16T21:17:24.214Z] Platform:      darwin
[debug] [2018-01-16T21:17:24.214Z] Node Version:  v8.9.1
[debug] [2018-01-16T21:17:24.214Z] Time:          Tue Jan 16 2018 15:17:24 GMT-0600 (CST)
[debug] [2018-01-16T21:17:24.214Z] ----------------------------------------------------------------------
[debug] 
[debug] [2018-01-16T21:17:24.226Z] > command requires scopes: ["email","openid","https://www.googleapis.com/auth/cloudplatformprojects.readonly","https://www.googleapis.com/auth/firebase","https://www.googleapis.com/auth/cloud-platform"]
[debug] [2018-01-16T21:17:24.226Z] > authorizing via signed-in user
[debug] [2018-01-16T21:17:24.228Z] >>> HTTP REQUEST GET https://admin.firebase.com/v1/projects/portfolio-73792  
  
 Tue Jan 16 2018 15:17:24 GMT-0600 (CST)
[debug] [2018-01-16T21:17:24.695Z] <<< HTTP RESPONSE 200
[debug] [2018-01-16T21:17:24.696Z] >>> HTTP REQUEST GET https://admin.firebase.com/v1/database/portfolio-73792/tokens  
  
 Tue Jan 16 2018 15:17:24 GMT-0600 (CST)
[debug] [2018-01-16T21:17:25.052Z] <<< HTTP RESPONSE 200
[info] 
[info] === Serving from '/Users/marioanorganism/Documents/Hacking/Portfolio'...
[info] 
[debug] [2018-01-16T21:17:25.055Z] >>> HTTP REQUEST GET https://cloudresourcemanager.googleapis.com/v1/projects/portfolio-73792  
  
 Tue Jan 16 2018 15:17:25 GMT-0600 (CST)
[debug] [2018-01-16T21:17:25.390Z] <<< HTTP RESPONSE 200
[debug] [2018-01-16T21:17:25.391Z] >>> HTTP REQUEST GET https://mobilesdk-pa.googleapis.com/v1/projects/658360696339/clients/_:getWebAppConfig  
  
 Tue Jan 16 2018 15:17:25 GMT-0600 (CST)
[debug] [2018-01-16T21:17:26.072Z] <<< HTTP RESPONSE 200
[info] i  hosting: Serving hosting files from: Public
[info] ✔  hosting: Local server: http://localhost:5000

